{
  "stats": {
    "suites": 1,
    "tests": 2,
    "passes": 2,
    "pending": 0,
    "failures": 0,
    "start": "2024-08-17T13:08:54.978Z",
    "end": "2024-08-17T13:08:56.391Z",
    "duration": 1413,
    "testsRegistered": 2,
    "passPercent": 100,
    "pendingPercent": 0,
    "other": 0,
    "hasOther": false,
    "skipped": 0,
    "hasSkipped": false
  },
  "results": [
    {
      "uuid": "3ab9ad7d-454b-4fde-b533-524a7a6ab611",
      "title": "",
      "fullFile": "C:\\Users\\annis\\APItest\\test\\test-demo.js",
      "file": "\\test\\test-demo.js",
      "beforeHooks": [],
      "afterHooks": [],
      "tests": [],
      "suites": [
        {
          "uuid": "5e561cf1-1fb3-4be0-b690-55ee7abbba71",
          "title": "API Test for \"restful-api.dev\"",
          "fullFile": "C:\\Users\\annis\\APItest\\test\\test-demo.js",
          "file": "\\test\\test-demo.js",
          "beforeHooks": [],
          "afterHooks": [],
          "tests": [
            {
              "title": "Test - GET All Objects",
              "fullTitle": "API Test for \"restful-api.dev\" Test - GET All Objects",
              "timedOut": false,
              "duration": 336,
              "state": "passed",
              "speed": "slow",
              "pass": true,
              "fail": false,
              "pending": false,
              "context": null,
              "code": "const response = await request(BASE_URL)\n.get(\"objects\")\n// assertion\nassert.equal(response.statusCode, 200)\nassert.equal(response.body[0].name, \"Google Pixel 6 Pro\")\nassert.equal(response.body[0].data.color, \"Cloudy White\")\nexpect(response.statusCode).to.equal(200)",
              "err": {},
              "uuid": "c17b5d08-f4bd-4f05-a76a-d7981c58ebd2",
              "parentUUID": "5e561cf1-1fb3-4be0-b690-55ee7abbba71",
              "isHook": false,
              "skipped": false
            },
            {
              "title": "Test - POST Store Object",
              "fullTitle": "API Test for \"restful-api.dev\" Test - POST Store Object",
              "timedOut": false,
              "duration": 1043,
              "state": "passed",
              "speed": "slow",
              "pass": true,
              "fail": false,
              "pending": false,
              "context": null,
              "code": "const body = {\n    \"name\": \"Ini Request Dari Automation Test\",\n    \"data\": {\n       \"year\": 2019,\n       \"price\": 1849.99,\n       \"CPU model\": \"Intel Core i9\",\n       \"Hard disk size\": \"1 TB\"\n    }\n }\nconst response = await request(BASE_URL)\n.post(\"objects\")\n.send(body)\n\nconsole.log(response.statusCode);\nconsole.log(response.body)\n// assertion\nshould(response.statusCode === 200)\nconst schemaPath = \"resources/jsonSchema/post-object-schema.json\"\nconst jsonSchema = JSON.parse(fs.readFileSync(schemaPath, 'utf8'))\nassert.jsonSchema(response.body, jsonSchema)",
              "err": {},
              "uuid": "5453052d-1ac7-451c-be3c-0ff510d63b68",
              "parentUUID": "5e561cf1-1fb3-4be0-b690-55ee7abbba71",
              "isHook": false,
              "skipped": false
            }
          ],
          "suites": [],
          "passes": [
            "c17b5d08-f4bd-4f05-a76a-d7981c58ebd2",
            "5453052d-1ac7-451c-be3c-0ff510d63b68"
          ],
          "failures": [],
          "pending": [],
          "skipped": [],
          "duration": 1379,
          "root": false,
          "rootEmpty": false,
          "_timeout": 2000
        }
      ],
      "passes": [],
      "failures": [],
      "pending": [],
      "skipped": [],
      "duration": 0,
      "root": true,
      "rootEmpty": true,
      "_timeout": 2000
    }
  ],
  "meta": {
    "mocha": {
      "version": "10.7.3"
    },
    "mochawesome": {
      "options": {
        "quiet": false,
        "reportFilename": "mochawesome",
        "saveHtml": true,
        "saveJson": true,
        "consoleReporter": "spec",
        "useInlineDiffs": false,
        "code": true
      },
      "version": "7.1.3"
    },
    "marge": {
      "options": null,
      "version": "6.2.0"
    }
  }
}